<?xml version="1.0" encoding="UTF-8"?>
<testsuite xmlns:xsi="http://www.w3.org/2001/XMLSchema-instance" xsi:noNamespaceSchemaLocation="https://maven.apache.org/surefire/maven-surefire-plugin/xsd/surefire-test-report.xsd" version="3.0.2" name="com.example.demo.repository.UserRepositoryTest" time="2.365" tests="5" errors="0" skipped="0" failures="0">
  <properties>
    <property name="java.specification.version" value="21"/>
    <property name="sun.jnu.encoding" value="UTF-8"/>
    <property name="java.class.path" value="/run/media/mmnayem/New Volume/D-Drive-all/Business-Connect-Backend/Business-Connect/target/test-classes:/run/media/mmnayem/New Volume/D-Drive-all/Business-Connect-Backend/Business-Connect/target/classes:/home/mmnayem/.m2/repository/org/springframework/boot/spring-boot-starter/3.4.5/spring-boot-starter-3.4.5.jar:/home/mmnayem/.m2/repository/org/springframework/boot/spring-boot/3.4.5/spring-boot-3.4.5.jar:/home/mmnayem/.m2/repository/org/springframework/spring-context/6.2.6/spring-context-6.2.6.jar:/home/mmnayem/.m2/repository/org/springframework/boot/spring-boot-autoconfigure/3.4.5/spring-boot-autoconfigure-3.4.5.jar:/home/mmnayem/.m2/repository/org/springframework/boot/spring-boot-starter-logging/3.4.5/spring-boot-starter-logging-3.4.5.jar:/home/mmnayem/.m2/repository/ch/qos/logback/logback-classic/1.5.18/logback-classic-1.5.18.jar:/home/mmnayem/.m2/repository/ch/qos/logback/logback-core/1.5.18/logback-core-1.5.18.jar:/home/mmnayem/.m2/repository/org/apache/logging/log4j/log4j-to-slf4j/2.24.3/log4j-to-slf4j-2.24.3.jar:/home/mmnayem/.m2/repository/org/apache/logging/log4j/log4j-api/2.24.3/log4j-api-2.24.3.jar:/home/mmnayem/.m2/repository/org/slf4j/jul-to-slf4j/2.0.17/jul-to-slf4j-2.0.17.jar:/home/mmnayem/.m2/repository/jakarta/annotation/jakarta.annotation-api/2.1.1/jakarta.annotation-api-2.1.1.jar:/home/mmnayem/.m2/repository/org/springframework/spring-core/6.2.6/spring-core-6.2.6.jar:/home/mmnayem/.m2/repository/org/springframework/spring-jcl/6.2.6/spring-jcl-6.2.6.jar:/home/mmnayem/.m2/repository/org/yaml/snakeyaml/2.3/snakeyaml-2.3.jar:/home/mmnayem/.m2/repository/org/springframework/boot/spring-boot-starter-web/3.4.5/spring-boot-starter-web-3.4.5.jar:/home/mmnayem/.m2/repository/org/springframework/boot/spring-boot-starter-json/3.4.5/spring-boot-starter-json-3.4.5.jar:/home/mmnayem/.m2/repository/com/fasterxml/jackson/datatype/jackson-datatype-jdk8/2.18.3/jackson-datatype-jdk8-2.18.3.jar:/home/mmnayem/.m2/repository/com/fasterxml/jackson/datatype/jackson-datatype-jsr310/2.18.3/jackson-datatype-jsr310-2.18.3.jar:/home/mmnayem/.m2/repository/com/fasterxml/jackson/module/jackson-module-parameter-names/2.18.3/jackson-module-parameter-names-2.18.3.jar:/home/mmnayem/.m2/repository/org/springframework/boot/spring-boot-starter-tomcat/3.4.5/spring-boot-starter-tomcat-3.4.5.jar:/home/mmnayem/.m2/repository/org/apache/tomcat/embed/tomcat-embed-core/10.1.40/tomcat-embed-core-10.1.40.jar:/home/mmnayem/.m2/repository/org/apache/tomcat/embed/tomcat-embed-el/10.1.40/tomcat-embed-el-10.1.40.jar:/home/mmnayem/.m2/repository/org/apache/tomcat/embed/tomcat-embed-websocket/10.1.40/tomcat-embed-websocket-10.1.40.jar:/home/mmnayem/.m2/repository/org/springframework/spring-web/6.2.6/spring-web-6.2.6.jar:/home/mmnayem/.m2/repository/org/springframework/spring-beans/6.2.6/spring-beans-6.2.6.jar:/home/mmnayem/.m2/repository/io/micrometer/micrometer-observation/1.14.6/micrometer-observation-1.14.6.jar:/home/mmnayem/.m2/repository/io/micrometer/micrometer-commons/1.14.6/micrometer-commons-1.14.6.jar:/home/mmnayem/.m2/repository/org/springframework/spring-webmvc/6.2.6/spring-webmvc-6.2.6.jar:/home/mmnayem/.m2/repository/org/springframework/spring-expression/6.2.6/spring-expression-6.2.6.jar:/home/mmnayem/.m2/repository/org/springframework/boot/spring-boot-starter-test/3.4.5/spring-boot-starter-test-3.4.5.jar:/home/mmnayem/.m2/repository/org/springframework/boot/spring-boot-test/3.4.5/spring-boot-test-3.4.5.jar:/home/mmnayem/.m2/repository/org/springframework/boot/spring-boot-test-autoconfigure/3.4.5/spring-boot-test-autoconfigure-3.4.5.jar:/home/mmnayem/.m2/repository/com/jayway/jsonpath/json-path/2.9.0/json-path-2.9.0.jar:/home/mmnayem/.m2/repository/org/slf4j/slf4j-api/2.0.17/slf4j-api-2.0.17.jar:/home/mmnayem/.m2/repository/jakarta/xml/bind/jakarta.xml.bind-api/4.0.2/jakarta.xml.bind-api-4.0.2.jar:/home/mmnayem/.m2/repository/jakarta/activation/jakarta.activation-api/2.1.3/jakarta.activation-api-2.1.3.jar:/home/mmnayem/.m2/repository/net/minidev/json-smart/2.5.2/json-smart-2.5.2.jar:/home/mmnayem/.m2/repository/net/minidev/accessors-smart/2.5.2/accessors-smart-2.5.2.jar:/home/mmnayem/.m2/repository/org/ow2/asm/asm/9.7.1/asm-9.7.1.jar:/home/mmnayem/.m2/repository/org/assertj/assertj-core/3.26.3/assertj-core-3.26.3.jar:/home/mmnayem/.m2/repository/net/bytebuddy/byte-buddy/1.15.11/byte-buddy-1.15.11.jar:/home/mmnayem/.m2/repository/org/awaitility/awaitility/4.2.2/awaitility-4.2.2.jar:/home/mmnayem/.m2/repository/org/hamcrest/hamcrest/2.2/hamcrest-2.2.jar:/home/mmnayem/.m2/repository/org/junit/jupiter/junit-jupiter/5.11.4/junit-jupiter-5.11.4.jar:/home/mmnayem/.m2/repository/org/junit/jupiter/junit-jupiter-api/5.11.4/junit-jupiter-api-5.11.4.jar:/home/mmnayem/.m2/repository/org/opentest4j/opentest4j/1.3.0/opentest4j-1.3.0.jar:/home/mmnayem/.m2/repository/org/junit/platform/junit-platform-commons/1.11.4/junit-platform-commons-1.11.4.jar:/home/mmnayem/.m2/repository/org/apiguardian/apiguardian-api/1.1.2/apiguardian-api-1.1.2.jar:/home/mmnayem/.m2/repository/org/junit/jupiter/junit-jupiter-params/5.11.4/junit-jupiter-params-5.11.4.jar:/home/mmnayem/.m2/repository/org/junit/jupiter/junit-jupiter-engine/5.11.4/junit-jupiter-engine-5.11.4.jar:/home/mmnayem/.m2/repository/org/junit/platform/junit-platform-engine/1.11.4/junit-platform-engine-1.11.4.jar:/home/mmnayem/.m2/repository/org/mockito/mockito-core/5.14.2/mockito-core-5.14.2.jar:/home/mmnayem/.m2/repository/net/bytebuddy/byte-buddy-agent/1.15.11/byte-buddy-agent-1.15.11.jar:/home/mmnayem/.m2/repository/org/objenesis/objenesis/3.3/objenesis-3.3.jar:/home/mmnayem/.m2/repository/org/mockito/mockito-junit-jupiter/5.14.2/mockito-junit-jupiter-5.14.2.jar:/home/mmnayem/.m2/repository/org/skyscreamer/jsonassert/1.5.3/jsonassert-1.5.3.jar:/home/mmnayem/.m2/repository/com/vaadin/external/google/android-json/0.0.20131108.vaadin1/android-json-0.0.20131108.vaadin1.jar:/home/mmnayem/.m2/repository/org/springframework/spring-test/6.2.6/spring-test-6.2.6.jar:/home/mmnayem/.m2/repository/org/xmlunit/xmlunit-core/2.10.0/xmlunit-core-2.10.0.jar:/home/mmnayem/.m2/repository/org/springframework/boot/spring-boot-starter-data-jpa/3.4.5/spring-boot-starter-data-jpa-3.4.5.jar:/home/mmnayem/.m2/repository/org/springframework/boot/spring-boot-starter-jdbc/3.4.5/spring-boot-starter-jdbc-3.4.5.jar:/home/mmnayem/.m2/repository/com/zaxxer/HikariCP/5.1.0/HikariCP-5.1.0.jar:/home/mmnayem/.m2/repository/org/springframework/spring-jdbc/6.2.6/spring-jdbc-6.2.6.jar:/home/mmnayem/.m2/repository/org/hibernate/orm/hibernate-core/6.6.13.Final/hibernate-core-6.6.13.Final.jar:/home/mmnayem/.m2/repository/jakarta/persistence/jakarta.persistence-api/3.1.0/jakarta.persistence-api-3.1.0.jar:/home/mmnayem/.m2/repository/jakarta/transaction/jakarta.transaction-api/2.0.1/jakarta.transaction-api-2.0.1.jar:/home/mmnayem/.m2/repository/org/hibernate/common/hibernate-commons-annotations/7.0.3.Final/hibernate-commons-annotations-7.0.3.Final.jar:/home/mmnayem/.m2/repository/io/smallrye/jandex/3.2.0/jandex-3.2.0.jar:/home/mmnayem/.m2/repository/org/glassfish/jaxb/jaxb-runtime/4.0.5/jaxb-runtime-4.0.5.jar:/home/mmnayem/.m2/repository/org/glassfish/jaxb/jaxb-core/4.0.5/jaxb-core-4.0.5.jar:/home/mmnayem/.m2/repository/org/glassfish/jaxb/txw2/4.0.5/txw2-4.0.5.jar:/home/mmnayem/.m2/repository/com/sun/istack/istack-commons-runtime/4.1.2/istack-commons-runtime-4.1.2.jar:/home/mmnayem/.m2/repository/jakarta/inject/jakarta.inject-api/2.0.1/jakarta.inject-api-2.0.1.jar:/home/mmnayem/.m2/repository/org/antlr/antlr4-runtime/4.13.0/antlr4-runtime-4.13.0.jar:/home/mmnayem/.m2/repository/org/springframework/data/spring-data-jpa/3.4.5/spring-data-jpa-3.4.5.jar:/home/mmnayem/.m2/repository/org/springframework/data/spring-data-commons/3.4.5/spring-data-commons-3.4.5.jar:/home/mmnayem/.m2/repository/org/springframework/spring-orm/6.2.6/spring-orm-6.2.6.jar:/home/mmnayem/.m2/repository/org/springframework/spring-tx/6.2.6/spring-tx-6.2.6.jar:/home/mmnayem/.m2/repository/org/springframework/spring-aspects/6.2.6/spring-aspects-6.2.6.jar:/home/mmnayem/.m2/repository/org/aspectj/aspectjweaver/1.9.24/aspectjweaver-1.9.24.jar:/home/mmnayem/.m2/repository/com/h2database/h2/2.3.232/h2-2.3.232.jar:/home/mmnayem/.m2/repository/org/springframework/boot/spring-boot-devtools/3.4.5/spring-boot-devtools-3.4.5.jar:/home/mmnayem/.m2/repository/jakarta/validation/jakarta.validation-api/3.0.2/jakarta.validation-api-3.0.2.jar:/home/mmnayem/.m2/repository/org/hibernate/validator/hibernate-validator/8.0.0.Final/hibernate-validator-8.0.0.Final.jar:/home/mmnayem/.m2/repository/org/jboss/logging/jboss-logging/3.6.1.Final/jboss-logging-3.6.1.Final.jar:/home/mmnayem/.m2/repository/com/fasterxml/classmate/1.7.0/classmate-1.7.0.jar:/home/mmnayem/.m2/repository/org/springframework/boot/spring-boot-starter-security/3.4.5/spring-boot-starter-security-3.4.5.jar:/home/mmnayem/.m2/repository/org/springframework/spring-aop/6.2.6/spring-aop-6.2.6.jar:/home/mmnayem/.m2/repository/org/springframework/security/spring-security-config/6.4.5/spring-security-config-6.4.5.jar:/home/mmnayem/.m2/repository/org/springframework/security/spring-security-core/6.4.5/spring-security-core-6.4.5.jar:/home/mmnayem/.m2/repository/org/springframework/security/spring-security-crypto/6.4.5/spring-security-crypto-6.4.5.jar:/home/mmnayem/.m2/repository/org/springframework/security/spring-security-web/6.4.5/spring-security-web-6.4.5.jar:/home/mmnayem/.m2/repository/io/jsonwebtoken/jjwt-api/0.11.5/jjwt-api-0.11.5.jar:/home/mmnayem/.m2/repository/io/jsonwebtoken/jjwt-impl/0.11.5/jjwt-impl-0.11.5.jar:/home/mmnayem/.m2/repository/io/jsonwebtoken/jjwt-jackson/0.11.5/jjwt-jackson-0.11.5.jar:/home/mmnayem/.m2/repository/com/fasterxml/jackson/core/jackson-databind/2.18.3/jackson-databind-2.18.3.jar:/home/mmnayem/.m2/repository/com/fasterxml/jackson/core/jackson-annotations/2.18.3/jackson-annotations-2.18.3.jar:/home/mmnayem/.m2/repository/com/fasterxml/jackson/core/jackson-core/2.18.3/jackson-core-2.18.3.jar:/home/mmnayem/.m2/repository/org/springframework/boot/spring-boot-starter-mail/3.4.5/spring-boot-starter-mail-3.4.5.jar:/home/mmnayem/.m2/repository/org/springframework/spring-context-support/6.2.6/spring-context-support-6.2.6.jar:/home/mmnayem/.m2/repository/org/eclipse/angus/jakarta.mail/2.0.3/jakarta.mail-2.0.3.jar:/home/mmnayem/.m2/repository/org/eclipse/angus/angus-activation/2.0.2/angus-activation-2.0.2.jar:/home/mmnayem/.m2/repository/org/postgresql/postgresql/42.7.3/postgresql-42.7.3.jar:/home/mmnayem/.m2/repository/org/checkerframework/checker-qual/3.42.0/checker-qual-3.42.0.jar:/home/mmnayem/.m2/repository/io/github/cdimascio/java-dotenv/5.2.2/java-dotenv-5.2.2.jar:/home/mmnayem/.m2/repository/org/jetbrains/kotlin/kotlin-stdlib/1.9.25/kotlin-stdlib-1.9.25.jar:/home/mmnayem/.m2/repository/org/jetbrains/annotations/13.0/annotations-13.0.jar:/home/mmnayem/.m2/repository/com/cloudinary/cloudinary-http44/1.32.2/cloudinary-http44-1.32.2.jar:/home/mmnayem/.m2/repository/com/cloudinary/cloudinary-core/1.32.2/cloudinary-core-1.32.2.jar:/home/mmnayem/.m2/repository/org/apache/commons/commons-lang3/3.17.0/commons-lang3-3.17.0.jar:/home/mmnayem/.m2/repository/org/apache/httpcomponents/httpclient/4.4/httpclient-4.4.jar:/home/mmnayem/.m2/repository/org/apache/httpcomponents/httpcore/4.4.16/httpcore-4.4.16.jar:/home/mmnayem/.m2/repository/commons-logging/commons-logging/1.2/commons-logging-1.2.jar:/home/mmnayem/.m2/repository/commons-codec/commons-codec/1.17.2/commons-codec-1.17.2.jar:/home/mmnayem/.m2/repository/org/apache/httpcomponents/httpmime/4.4/httpmime-4.4.jar:"/>
    <property name="java.vm.vendor" value="Red Hat, Inc."/>
    <property name="sun.arch.data.model" value="64"/>
    <property name="java.vendor.url" value="https://www.redhat.com/"/>
    <property name="user.timezone" value="Asia/Dhaka"/>
    <property name="org.jboss.logging.provider" value="slf4j"/>
    <property name="os.name" value="Linux"/>
    <property name="java.vm.specification.version" value="21"/>
    <property name="APPLICATION_NAME" value="demo"/>
    <property name="sun.java.launcher" value="SUN_STANDARD"/>
    <property name="user.country" value="US"/>
    <property name="sun.boot.library.path" value="/usr/lib/jvm/java-21-openjdk/lib"/>
    <property name="sun.java.command" value="/run/media/mmnayem/New Volume/D-Drive-all/Business-Connect-Backend/Business-Connect/target/surefire/surefirebooter-20250601151222274_3.jar /run/media/mmnayem/New Volume/D-Drive-all/Business-Connect-Backend/Business-Connect/target/surefire 2025-06-01T15-12-22_230-jvmRun1 surefire-20250601151222274_1tmp surefire_0-20250601151222274_2tmp"/>
    <property name="jdk.debug" value="release"/>
    <property name="surefire.test.class.path" value="/run/media/mmnayem/New Volume/D-Drive-all/Business-Connect-Backend/Business-Connect/target/test-classes:/run/media/mmnayem/New Volume/D-Drive-all/Business-Connect-Backend/Business-Connect/target/classes:/home/mmnayem/.m2/repository/org/springframework/boot/spring-boot-starter/3.4.5/spring-boot-starter-3.4.5.jar:/home/mmnayem/.m2/repository/org/springframework/boot/spring-boot/3.4.5/spring-boot-3.4.5.jar:/home/mmnayem/.m2/repository/org/springframework/spring-context/6.2.6/spring-context-6.2.6.jar:/home/mmnayem/.m2/repository/org/springframework/boot/spring-boot-autoconfigure/3.4.5/spring-boot-autoconfigure-3.4.5.jar:/home/mmnayem/.m2/repository/org/springframework/boot/spring-boot-starter-logging/3.4.5/spring-boot-starter-logging-3.4.5.jar:/home/mmnayem/.m2/repository/ch/qos/logback/logback-classic/1.5.18/logback-classic-1.5.18.jar:/home/mmnayem/.m2/repository/ch/qos/logback/logback-core/1.5.18/logback-core-1.5.18.jar:/home/mmnayem/.m2/repository/org/apache/logging/log4j/log4j-to-slf4j/2.24.3/log4j-to-slf4j-2.24.3.jar:/home/mmnayem/.m2/repository/org/apache/logging/log4j/log4j-api/2.24.3/log4j-api-2.24.3.jar:/home/mmnayem/.m2/repository/org/slf4j/jul-to-slf4j/2.0.17/jul-to-slf4j-2.0.17.jar:/home/mmnayem/.m2/repository/jakarta/annotation/jakarta.annotation-api/2.1.1/jakarta.annotation-api-2.1.1.jar:/home/mmnayem/.m2/repository/org/springframework/spring-core/6.2.6/spring-core-6.2.6.jar:/home/mmnayem/.m2/repository/org/springframework/spring-jcl/6.2.6/spring-jcl-6.2.6.jar:/home/mmnayem/.m2/repository/org/yaml/snakeyaml/2.3/snakeyaml-2.3.jar:/home/mmnayem/.m2/repository/org/springframework/boot/spring-boot-starter-web/3.4.5/spring-boot-starter-web-3.4.5.jar:/home/mmnayem/.m2/repository/org/springframework/boot/spring-boot-starter-json/3.4.5/spring-boot-starter-json-3.4.5.jar:/home/mmnayem/.m2/repository/com/fasterxml/jackson/datatype/jackson-datatype-jdk8/2.18.3/jackson-datatype-jdk8-2.18.3.jar:/home/mmnayem/.m2/repository/com/fasterxml/jackson/datatype/jackson-datatype-jsr310/2.18.3/jackson-datatype-jsr310-2.18.3.jar:/home/mmnayem/.m2/repository/com/fasterxml/jackson/module/jackson-module-parameter-names/2.18.3/jackson-module-parameter-names-2.18.3.jar:/home/mmnayem/.m2/repository/org/springframework/boot/spring-boot-starter-tomcat/3.4.5/spring-boot-starter-tomcat-3.4.5.jar:/home/mmnayem/.m2/repository/org/apache/tomcat/embed/tomcat-embed-core/10.1.40/tomcat-embed-core-10.1.40.jar:/home/mmnayem/.m2/repository/org/apache/tomcat/embed/tomcat-embed-el/10.1.40/tomcat-embed-el-10.1.40.jar:/home/mmnayem/.m2/repository/org/apache/tomcat/embed/tomcat-embed-websocket/10.1.40/tomcat-embed-websocket-10.1.40.jar:/home/mmnayem/.m2/repository/org/springframework/spring-web/6.2.6/spring-web-6.2.6.jar:/home/mmnayem/.m2/repository/org/springframework/spring-beans/6.2.6/spring-beans-6.2.6.jar:/home/mmnayem/.m2/repository/io/micrometer/micrometer-observation/1.14.6/micrometer-observation-1.14.6.jar:/home/mmnayem/.m2/repository/io/micrometer/micrometer-commons/1.14.6/micrometer-commons-1.14.6.jar:/home/mmnayem/.m2/repository/org/springframework/spring-webmvc/6.2.6/spring-webmvc-6.2.6.jar:/home/mmnayem/.m2/repository/org/springframework/spring-expression/6.2.6/spring-expression-6.2.6.jar:/home/mmnayem/.m2/repository/org/springframework/boot/spring-boot-starter-test/3.4.5/spring-boot-starter-test-3.4.5.jar:/home/mmnayem/.m2/repository/org/springframework/boot/spring-boot-test/3.4.5/spring-boot-test-3.4.5.jar:/home/mmnayem/.m2/repository/org/springframework/boot/spring-boot-test-autoconfigure/3.4.5/spring-boot-test-autoconfigure-3.4.5.jar:/home/mmnayem/.m2/repository/com/jayway/jsonpath/json-path/2.9.0/json-path-2.9.0.jar:/home/mmnayem/.m2/repository/org/slf4j/slf4j-api/2.0.17/slf4j-api-2.0.17.jar:/home/mmnayem/.m2/repository/jakarta/xml/bind/jakarta.xml.bind-api/4.0.2/jakarta.xml.bind-api-4.0.2.jar:/home/mmnayem/.m2/repository/jakarta/activation/jakarta.activation-api/2.1.3/jakarta.activation-api-2.1.3.jar:/home/mmnayem/.m2/repository/net/minidev/json-smart/2.5.2/json-smart-2.5.2.jar:/home/mmnayem/.m2/repository/net/minidev/accessors-smart/2.5.2/accessors-smart-2.5.2.jar:/home/mmnayem/.m2/repository/org/ow2/asm/asm/9.7.1/asm-9.7.1.jar:/home/mmnayem/.m2/repository/org/assertj/assertj-core/3.26.3/assertj-core-3.26.3.jar:/home/mmnayem/.m2/repository/net/bytebuddy/byte-buddy/1.15.11/byte-buddy-1.15.11.jar:/home/mmnayem/.m2/repository/org/awaitility/awaitility/4.2.2/awaitility-4.2.2.jar:/home/mmnayem/.m2/repository/org/hamcrest/hamcrest/2.2/hamcrest-2.2.jar:/home/mmnayem/.m2/repository/org/junit/jupiter/junit-jupiter/5.11.4/junit-jupiter-5.11.4.jar:/home/mmnayem/.m2/repository/org/junit/jupiter/junit-jupiter-api/5.11.4/junit-jupiter-api-5.11.4.jar:/home/mmnayem/.m2/repository/org/opentest4j/opentest4j/1.3.0/opentest4j-1.3.0.jar:/home/mmnayem/.m2/repository/org/junit/platform/junit-platform-commons/1.11.4/junit-platform-commons-1.11.4.jar:/home/mmnayem/.m2/repository/org/apiguardian/apiguardian-api/1.1.2/apiguardian-api-1.1.2.jar:/home/mmnayem/.m2/repository/org/junit/jupiter/junit-jupiter-params/5.11.4/junit-jupiter-params-5.11.4.jar:/home/mmnayem/.m2/repository/org/junit/jupiter/junit-jupiter-engine/5.11.4/junit-jupiter-engine-5.11.4.jar:/home/mmnayem/.m2/repository/org/junit/platform/junit-platform-engine/1.11.4/junit-platform-engine-1.11.4.jar:/home/mmnayem/.m2/repository/org/mockito/mockito-core/5.14.2/mockito-core-5.14.2.jar:/home/mmnayem/.m2/repository/net/bytebuddy/byte-buddy-agent/1.15.11/byte-buddy-agent-1.15.11.jar:/home/mmnayem/.m2/repository/org/objenesis/objenesis/3.3/objenesis-3.3.jar:/home/mmnayem/.m2/repository/org/mockito/mockito-junit-jupiter/5.14.2/mockito-junit-jupiter-5.14.2.jar:/home/mmnayem/.m2/repository/org/skyscreamer/jsonassert/1.5.3/jsonassert-1.5.3.jar:/home/mmnayem/.m2/repository/com/vaadin/external/google/android-json/0.0.20131108.vaadin1/android-json-0.0.20131108.vaadin1.jar:/home/mmnayem/.m2/repository/org/springframework/spring-test/6.2.6/spring-test-6.2.6.jar:/home/mmnayem/.m2/repository/org/xmlunit/xmlunit-core/2.10.0/xmlunit-core-2.10.0.jar:/home/mmnayem/.m2/repository/org/springframework/boot/spring-boot-starter-data-jpa/3.4.5/spring-boot-starter-data-jpa-3.4.5.jar:/home/mmnayem/.m2/repository/org/springframework/boot/spring-boot-starter-jdbc/3.4.5/spring-boot-starter-jdbc-3.4.5.jar:/home/mmnayem/.m2/repository/com/zaxxer/HikariCP/5.1.0/HikariCP-5.1.0.jar:/home/mmnayem/.m2/repository/org/springframework/spring-jdbc/6.2.6/spring-jdbc-6.2.6.jar:/home/mmnayem/.m2/repository/org/hibernate/orm/hibernate-core/6.6.13.Final/hibernate-core-6.6.13.Final.jar:/home/mmnayem/.m2/repository/jakarta/persistence/jakarta.persistence-api/3.1.0/jakarta.persistence-api-3.1.0.jar:/home/mmnayem/.m2/repository/jakarta/transaction/jakarta.transaction-api/2.0.1/jakarta.transaction-api-2.0.1.jar:/home/mmnayem/.m2/repository/org/hibernate/common/hibernate-commons-annotations/7.0.3.Final/hibernate-commons-annotations-7.0.3.Final.jar:/home/mmnayem/.m2/repository/io/smallrye/jandex/3.2.0/jandex-3.2.0.jar:/home/mmnayem/.m2/repository/org/glassfish/jaxb/jaxb-runtime/4.0.5/jaxb-runtime-4.0.5.jar:/home/mmnayem/.m2/repository/org/glassfish/jaxb/jaxb-core/4.0.5/jaxb-core-4.0.5.jar:/home/mmnayem/.m2/repository/org/glassfish/jaxb/txw2/4.0.5/txw2-4.0.5.jar:/home/mmnayem/.m2/repository/com/sun/istack/istack-commons-runtime/4.1.2/istack-commons-runtime-4.1.2.jar:/home/mmnayem/.m2/repository/jakarta/inject/jakarta.inject-api/2.0.1/jakarta.inject-api-2.0.1.jar:/home/mmnayem/.m2/repository/org/antlr/antlr4-runtime/4.13.0/antlr4-runtime-4.13.0.jar:/home/mmnayem/.m2/repository/org/springframework/data/spring-data-jpa/3.4.5/spring-data-jpa-3.4.5.jar:/home/mmnayem/.m2/repository/org/springframework/data/spring-data-commons/3.4.5/spring-data-commons-3.4.5.jar:/home/mmnayem/.m2/repository/org/springframework/spring-orm/6.2.6/spring-orm-6.2.6.jar:/home/mmnayem/.m2/repository/org/springframework/spring-tx/6.2.6/spring-tx-6.2.6.jar:/home/mmnayem/.m2/repository/org/springframework/spring-aspects/6.2.6/spring-aspects-6.2.6.jar:/home/mmnayem/.m2/repository/org/aspectj/aspectjweaver/1.9.24/aspectjweaver-1.9.24.jar:/home/mmnayem/.m2/repository/com/h2database/h2/2.3.232/h2-2.3.232.jar:/home/mmnayem/.m2/repository/org/springframework/boot/spring-boot-devtools/3.4.5/spring-boot-devtools-3.4.5.jar:/home/mmnayem/.m2/repository/jakarta/validation/jakarta.validation-api/3.0.2/jakarta.validation-api-3.0.2.jar:/home/mmnayem/.m2/repository/org/hibernate/validator/hibernate-validator/8.0.0.Final/hibernate-validator-8.0.0.Final.jar:/home/mmnayem/.m2/repository/org/jboss/logging/jboss-logging/3.6.1.Final/jboss-logging-3.6.1.Final.jar:/home/mmnayem/.m2/repository/com/fasterxml/classmate/1.7.0/classmate-1.7.0.jar:/home/mmnayem/.m2/repository/org/springframework/boot/spring-boot-starter-security/3.4.5/spring-boot-starter-security-3.4.5.jar:/home/mmnayem/.m2/repository/org/springframework/spring-aop/6.2.6/spring-aop-6.2.6.jar:/home/mmnayem/.m2/repository/org/springframework/security/spring-security-config/6.4.5/spring-security-config-6.4.5.jar:/home/mmnayem/.m2/repository/org/springframework/security/spring-security-core/6.4.5/spring-security-core-6.4.5.jar:/home/mmnayem/.m2/repository/org/springframework/security/spring-security-crypto/6.4.5/spring-security-crypto-6.4.5.jar:/home/mmnayem/.m2/repository/org/springframework/security/spring-security-web/6.4.5/spring-security-web-6.4.5.jar:/home/mmnayem/.m2/repository/io/jsonwebtoken/jjwt-api/0.11.5/jjwt-api-0.11.5.jar:/home/mmnayem/.m2/repository/io/jsonwebtoken/jjwt-impl/0.11.5/jjwt-impl-0.11.5.jar:/home/mmnayem/.m2/repository/io/jsonwebtoken/jjwt-jackson/0.11.5/jjwt-jackson-0.11.5.jar:/home/mmnayem/.m2/repository/com/fasterxml/jackson/core/jackson-databind/2.18.3/jackson-databind-2.18.3.jar:/home/mmnayem/.m2/repository/com/fasterxml/jackson/core/jackson-annotations/2.18.3/jackson-annotations-2.18.3.jar:/home/mmnayem/.m2/repository/com/fasterxml/jackson/core/jackson-core/2.18.3/jackson-core-2.18.3.jar:/home/mmnayem/.m2/repository/org/springframework/boot/spring-boot-starter-mail/3.4.5/spring-boot-starter-mail-3.4.5.jar:/home/mmnayem/.m2/repository/org/springframework/spring-context-support/6.2.6/spring-context-support-6.2.6.jar:/home/mmnayem/.m2/repository/org/eclipse/angus/jakarta.mail/2.0.3/jakarta.mail-2.0.3.jar:/home/mmnayem/.m2/repository/org/eclipse/angus/angus-activation/2.0.2/angus-activation-2.0.2.jar:/home/mmnayem/.m2/repository/org/postgresql/postgresql/42.7.3/postgresql-42.7.3.jar:/home/mmnayem/.m2/repository/org/checkerframework/checker-qual/3.42.0/checker-qual-3.42.0.jar:/home/mmnayem/.m2/repository/io/github/cdimascio/java-dotenv/5.2.2/java-dotenv-5.2.2.jar:/home/mmnayem/.m2/repository/org/jetbrains/kotlin/kotlin-stdlib/1.9.25/kotlin-stdlib-1.9.25.jar:/home/mmnayem/.m2/repository/org/jetbrains/annotations/13.0/annotations-13.0.jar:/home/mmnayem/.m2/repository/com/cloudinary/cloudinary-http44/1.32.2/cloudinary-http44-1.32.2.jar:/home/mmnayem/.m2/repository/com/cloudinary/cloudinary-core/1.32.2/cloudinary-core-1.32.2.jar:/home/mmnayem/.m2/repository/org/apache/commons/commons-lang3/3.17.0/commons-lang3-3.17.0.jar:/home/mmnayem/.m2/repository/org/apache/httpcomponents/httpclient/4.4/httpclient-4.4.jar:/home/mmnayem/.m2/repository/org/apache/httpcomponents/httpcore/4.4.16/httpcore-4.4.16.jar:/home/mmnayem/.m2/repository/commons-logging/commons-logging/1.2/commons-logging-1.2.jar:/home/mmnayem/.m2/repository/commons-codec/commons-codec/1.17.2/commons-codec-1.17.2.jar:/home/mmnayem/.m2/repository/org/apache/httpcomponents/httpmime/4.4/httpmime-4.4.jar:"/>
    <property name="sun.cpu.endian" value="little"/>
    <property name="user.home" value="/home/mmnayem"/>
    <property name="user.language" value="en"/>
    <property name="java.specification.vendor" value="Oracle Corporation"/>
    <property name="java.version.date" value="2025-04-15"/>
    <property name="java.home" value="/usr/lib/jvm/java-21-openjdk"/>
    <property name="file.separator" value="/"/>
    <property name="basedir" value="/run/media/mmnayem/New Volume/D-Drive-all/Business-Connect-Backend/Business-Connect"/>
    <property name="java.vm.compressedOopsMode" value="Zero based"/>
    <property name="line.separator" value="&#10;"/>
    <property name="java.vm.specification.vendor" value="Oracle Corporation"/>
    <property name="java.specification.name" value="Java Platform API Specification"/>
    <property name="FILE_LOG_CHARSET" value="UTF-8"/>
    <property name="java.awt.headless" value="true"/>
    <property name="surefire.real.class.path" value="/run/media/mmnayem/New Volume/D-Drive-all/Business-Connect-Backend/Business-Connect/target/surefire/surefirebooter-20250601151222274_3.jar"/>
    <property name="sun.management.compiler" value="HotSpot 64-Bit Tiered Compilers"/>
    <property name="java.runtime.version" value="21.0.7+6"/>
    <property name="user.name" value="mmnayem"/>
    <property name="stdout.encoding" value="UTF-8"/>
    <property name="path.separator" value=":"/>
    <property name="os.version" value="6.14.8-300.fc42.x86_64"/>
    <property name="java.runtime.name" value="OpenJDK Runtime Environment"/>
    <property name="file.encoding" value="UTF-8"/>
    <property name="java.vm.name" value="OpenJDK 64-Bit Server VM"/>
    <property name="java.vendor.version" value="(Red_Hat-21.0.7.0.6-1)"/>
    <property name="localRepository" value="/home/mmnayem/.m2/repository"/>
    <property name="java.vendor.url.bug" value="https://bugzilla.redhat.com/enter_bug.cgi?product=Fedora&amp;component=java-21-openjdk&amp;version=40"/>
    <property name="java.io.tmpdir" value="/tmp"/>
    <property name="com.zaxxer.hikari.pool_number" value="1"/>
    <property name="java.version" value="21.0.7"/>
    <property name="user.dir" value="/run/media/mmnayem/New Volume/D-Drive-all/Business-Connect-Backend/Business-Connect"/>
    <property name="os.arch" value="amd64"/>
    <property name="java.vm.specification.name" value="Java Virtual Machine Specification"/>
    <property name="PID" value="79705"/>
    <property name="CONSOLE_LOG_CHARSET" value="UTF-8"/>
    <property name="native.encoding" value="UTF-8"/>
    <property name="java.library.path" value="/usr/java/packages/lib:/usr/lib64:/lib64:/lib:/usr/lib"/>
    <property name="java.vm.info" value="mixed mode, sharing"/>
    <property name="stderr.encoding" value="UTF-8"/>
    <property name="java.vendor" value="Red Hat, Inc."/>
    <property name="java.vm.version" value="21.0.7+6"/>
    <property name="sun.io.unicode.encoding" value="UnicodeLittle"/>
    <property name="java.class.version" value="65.0"/>
    <property name="LOGGED_APPLICATION_NAME" value="[demo] "/>
  </properties>
  <testcase name="findByEmail_returnsEmpty_whenNotExists" classname="com.example.demo.repository.UserRepositoryTest" time="0.42">
    <system-out><![CDATA[
  .   ____          _            __ _ _
 /\\ / ___'_ __ _ _(_)_ __  __ _ \ \ \ \
( ( )\___ | '_ | '_| | '_ \/ _` | \ \ \ \
 \\/  ___)| |_)| | | | | || (_| |  ) ) ) )
  '  |____| .__|_| |_|_| |_\__, | / / / /
 =========|_|==============|___/=/_/_/_/

 :: Spring Boot ::                (v3.4.5)

Hibernate: create global temporary table HTE_posts(rn_ integer not null, created_at timestamp(6), id bigint, parent_post_id bigint, share_count bigint, user_id bigint, content varchar(255), primary key (rn_)) TRANSACTIONAL
Hibernate: create global temporary table HTE_post_medias(rn_ integer not null, id bigint, post_id bigint, media_type varchar(255), media_url varchar(255), primary key (rn_)) TRANSACTIONAL
Hibernate: create global temporary table HTE_post_comments(rn_ integer not null, commented_at timestamp(6), id bigint, parent_comment_id bigint, post_id bigint, user_id bigint, content varchar(255), primary key (rn_)) TRANSACTIONAL
Hibernate: create global temporary table HTE_post_likes(like_type integer, rn_ integer not null, id bigint, liked_at timestamp(6), post_id bigint, user_id bigint, primary key (rn_)) TRANSACTIONAL
Hibernate: create table post_comments (id bigint not null, commented_at timestamp(6), content varchar(255), parent_comment_id bigint, post_id bigint, user_id bigint, primary key (id))
Hibernate: create table post_likes (id bigint not null, like_type integer not null, liked_at timestamp(6), post_id bigint, user_id bigint, primary key (id))
Hibernate: create table post_medias (id bigint not null, media_type varchar(255), media_url varchar(255), post_id bigint, primary key (id))
Hibernate: create table posts (id bigint not null, content varchar(255), created_at timestamp(6), parent_post_id bigint, share_count bigint, user_id bigint, primary key (id))
Hibernate: create table user_achievements (user_id bigint not null, achievements varchar(255))
Hibernate: create table user_follows (id bigint generated by default as identity, created_at timestamp(6) not null, followee_id bigint not null, follower_id bigint not null, primary key (id))
Hibernate: create table user_industry (user_id bigint not null, industry varchar(255))
Hibernate: create table user_interests (user_id bigint not null, interests varchar(255) not null)
Hibernate: create table users (id bigint generated by default as identity, email varchar(255) not null, password varchar(255) not null, profile_picture_url varchar(255), reset_password_token varchar(255), reset_password_token_expiry timestamp(6), username varchar(50) not null, primary key (id))
Hibernate: create table users_verify (id bigint generated by default as identity, email varchar(255) not null, is_verified boolean not null, verification_token varchar(255), verification_token_expiry timestamp(6), primary key (id))
Hibernate: alter table if exists post_likes drop constraint if exists UK5l2rj28vw5oj6f7ox746grokg
Hibernate: alter table if exists post_likes add constraint UK5l2rj28vw5oj6f7ox746grokg unique (user_id, post_id)
Hibernate: create index idx_follower_id on user_follows (follower_id)
Hibernate: create index idx_followee_id on user_follows (followee_id)
Hibernate: alter table if exists user_follows drop constraint if exists uk_follower_followee
Hibernate: alter table if exists user_follows add constraint uk_follower_followee unique (follower_id, followee_id)
Hibernate: alter table if exists users drop constraint if exists UK6dotkott2kjsp8vw4d0m25fb7
Hibernate: alter table if exists users add constraint UK6dotkott2kjsp8vw4d0m25fb7 unique (email)
Hibernate: alter table if exists users_verify drop constraint if exists UKax2lm87d4odwe067dfxc4bt4e
Hibernate: alter table if exists users_verify add constraint UKax2lm87d4odwe067dfxc4bt4e unique (email)
Hibernate: create sequence post_comments_seq start with 1 increment by 50
Hibernate: create sequence post_likes_seq start with 1 increment by 50
Hibernate: create sequence post_medias_seq start with 1 increment by 50
Hibernate: create sequence posts_seq start with 1 increment by 50
Hibernate: alter table if exists post_comments add constraint FK21q7y8a124im4g0l4aaxn4ol1 foreign key (parent_comment_id) references post_comments
Hibernate: alter table if exists post_comments add constraint FKaawaqxjs3br8dw5v90w7uu514 foreign key (post_id) references posts
Hibernate: alter table if exists post_comments add constraint FKsnxoecngu89u3fh4wdrgf0f2g foreign key (user_id) references users
Hibernate: alter table if exists post_likes add constraint FKa5wxsgl4doibhbed9gm7ikie2 foreign key (post_id) references posts
Hibernate: alter table if exists post_likes add constraint FKkgau5n0nlewg6o9lr4yibqgxj foreign key (user_id) references users
Hibernate: alter table if exists post_medias add constraint FKsx89x29vy750909dpgkmkfkxt foreign key (post_id) references posts
Hibernate: alter table if exists posts add constraint FK5lidm6cqbc7u4xhqpxm898qme foreign key (user_id) references users
Hibernate: alter table if exists user_achievements add constraint FK6vt5fpu0uta41vny1x6vpk45k foreign key (user_id) references users
Hibernate: alter table if exists user_follows add constraint FKo7hxu401o43w6x81lxvnlixjn foreign key (followee_id) references users
Hibernate: alter table if exists user_follows add constraint FKqx9mu1fniaua5jfe1cdyspxdt foreign key (follower_id) references users
Hibernate: alter table if exists user_industry add constraint FKjpeg6y0w2vtq5ui4fecedsw8s foreign key (user_id) references users
Hibernate: alter table if exists user_interests add constraint FKdv9fflrh61wyuujfwx2yn1tb4 foreign key (user_id) references users
Hibernate: select u1_0.id,u1_0.email,u1_0.password,u1_0.profile_picture_url,u1_0.reset_password_token,u1_0.reset_password_token_expiry,u1_0.username from users u1_0 where u1_0.email=?
]]></system-out>
    <system-err><![CDATA[Mockito is currently self-attaching to enable the inline-mock-maker. This will no longer work in future releases of the JDK. Please add Mockito as an agent to your build what is described in Mockito's documentation: https://javadoc.io/doc/org.mockito/mockito-core/latest/org/mockito/Mockito.html#0.3
WARNING: A Java agent has been loaded dynamically (/home/mmnayem/.m2/repository/net/bytebuddy/byte-buddy-agent/1.15.11/byte-buddy-agent-1.15.11.jar)
WARNING: If a serviceability tool is in use, please run with -XX:+EnableDynamicAgentLoading to hide this warning
WARNING: If a serviceability tool is not in use, please run with -Djdk.instrument.traceUsage for more information
WARNING: Dynamic loading of agents will be disallowed by default in a future release
]]></system-err>
  </testcase>
  <testcase name="findByEmail_returnsUser_whenExists" classname="com.example.demo.repository.UserRepositoryTest" time="0.065">
    <system-out><![CDATA[Hibernate: insert into users (email,password,profile_picture_url,reset_password_token,reset_password_token_expiry,username,id) values (?,?,?,?,?,?,default)
Hibernate: select u1_0.id,u1_0.email,u1_0.password,u1_0.profile_picture_url,u1_0.reset_password_token,u1_0.reset_password_token_expiry,u1_0.username from users u1_0 where u1_0.email=?
]]></system-out>
  </testcase>
  <testcase name="checkForDuplication" classname="com.example.demo.repository.UserRepositoryTest" time="0.014">
    <system-out><![CDATA[Hibernate: insert into users (email,password,profile_picture_url,reset_password_token,reset_password_token_expiry,username,id) values (?,?,?,?,?,?,default)
Hibernate: insert into users (email,password,profile_picture_url,reset_password_token,reset_password_token_expiry,username,id) values (?,?,?,?,?,?,default)
2025-06-01T15:12:26.868+06:00  WARN 79705 --- [demo] [           main] o.h.engine.jdbc.spi.SqlExceptionHelper   : SQL Error: 23505, SQLState: 23505
2025-06-01T15:12:26.869+06:00 ERROR 79705 --- [demo] [           main] o.h.engine.jdbc.spi.SqlExceptionHelper   : Unique index or primary key violation: "PUBLIC.UK6DOTKOTT2KJSP8VW4D0M25FB7_INDEX_4 ON PUBLIC.USERS(EMAIL NULLS FIRST) VALUES ( /* 2 */ 'nabil2005@gmail.com' )"; SQL statement:
insert into users (email,password,profile_picture_url,reset_password_token,reset_password_token_expiry,username,id) values (?,?,?,?,?,?,default) [23505-232]
]]></system-out>
  </testcase>
  <testcase name="findByResetPasswordToken_returnsEmpty_whenNotExists" classname="com.example.demo.repository.UserRepositoryTest" time="0.004">
    <system-out><![CDATA[Hibernate: select u1_0.id,u1_0.email,u1_0.password,u1_0.profile_picture_url,u1_0.reset_password_token,u1_0.reset_password_token_expiry,u1_0.username from users u1_0 where u1_0.reset_password_token=?
]]></system-out>
  </testcase>
  <testcase name="findByResetPasswordToken_returnsUser_whenExists" classname="com.example.demo.repository.UserRepositoryTest" time="0.005">
    <system-out><![CDATA[Hibernate: insert into users (email,password,profile_picture_url,reset_password_token,reset_password_token_expiry,username,id) values (?,?,?,?,?,?,default)
Hibernate: select u1_0.id,u1_0.email,u1_0.password,u1_0.profile_picture_url,u1_0.reset_password_token,u1_0.reset_password_token_expiry,u1_0.username from users u1_0 where u1_0.reset_password_token=?
]]></system-out>
  </testcase>
</testsuite>